# JRE version: OpenJDK Runtime Environment Temurin-17.0.8.1+1 (17.0.8.1+1) (build 17.0.8.1+1)
# Java VM: OpenJDK 64-Bit Server VM Temurin-17.0.8.1+1 (17.0.8.1+1, mixed mode, tiered, compressed oops, compressed class ptrs, parallel gc, windows-amd64)
GC Precious Log:
 CPUs: 8 total, 8 available
 Memory: 8067M
 Large Page Support: Disabled
 NUMA Support: Disabled
 Compressed Oops: Enabled (32-bit)
 Alignments: Space 512K, Generation 512K, Heap 2M
 Heap Min Capacity: 100M
 Heap Initial Capacity: 100M
 Heap Max Capacity: 1G
 Pre-touch: Disabled
 Parallel Workers: 8
Heap:
 PSYoungGen      total 3072K, used 683K [0x00000000eab00000, 0x00000000eaf00000, 0x0000000100000000)
  eden space 2048K, 0% used [0x00000000eab00000,0x00000000eab00000,0x00000000ead00000)
  from space 1024K, 66% used [0x00000000eae00000,0x00000000eaeaaf90,0x00000000eaf00000)
  to   space 1024K, 0% used [0x00000000ead00000,0x00000000ead00000,0x00000000eae00000)
 ParOldGen       total 155136K, used 154999K [0x00000000c0000000, 0x00000000c9780000, 0x00000000eab00000)
  object space 155136K, 99% used [0x00000000c0000000,0x00000000c975df00,0x00000000c9780000)
 Metaspace       used 93340K, committed 94528K, reserved 1179648K
  class space    used 9397K, committed 9920K, reserved 1048576K
GC Heap History (20 events):
Event: 8962.780 GC heap after
{Heap after GC invocations=3059 (full 47):
 PSYoungGen      total 3072K, used 128K [0x00000000eab00000, 0x00000000eaf00000, 0x0000000100000000)
  eden space 2048K, 0% used [0x00000000eab00000,0x00000000eab00000,0x00000000ead00000)
  from space 1024K, 12% used [0x00000000ead00000,0x00000000ead20000,0x00000000eae00000)
  to   space 512K, 0% used [0x00000000eae80000,0x00000000eae80000,0x00000000eaf00000)
 ParOldGen       total 150528K, used 137412K [0x00000000c0000000, 0x00000000c9300000, 0x00000000eab00000)
  object space 150528K, 91% used [0x00000000c0000000,0x00000000c86311b0,0x00000000c9300000)
 Metaspace       used 93340K, committed 94528K, reserved 1179648K
  class space    used 9397K, committed 9920K, reserved 1048576K
}
Event: 8962.789 GC heap before
{Heap before GC invocations=3060 (full 47):
 PSYoungGen      total 3072K, used 2171K [0x00000000eab00000, 0x00000000eaf00000, 0x0000000100000000)
  eden space 2048K, 99% used [0x00000000eab00000,0x00000000eacfedf0,0x00000000ead00000)
  from space 1024K, 12% used [0x00000000ead00000,0x00000000ead20000,0x00000000eae00000)
  to   space 512K, 0% used [0x00000000eae80000,0x00000000eae80000,0x00000000eaf00000)
 ParOldGen       total 150528K, used 137412K [0x00000000c0000000, 0x00000000c9300000, 0x00000000eab00000)
  object space 150528K, 91% used [0x00000000c0000000,0x00000000c86311b0,0x00000000c9300000)
 Metaspace       used 93340K, committed 94528K, reserved 1179648K
  class space    used 9397K, committed 9920K, reserved 1048576K
}
Event: 8962.790 GC heap after
{Heap after GC invocations=3060 (full 47):
 PSYoungGen      total 2560K, used 425K [0x00000000eab00000, 0x00000000eaf00000, 0x0000000100000000)
  eden space 2048K, 0% used [0x00000000eab00000,0x00000000eab00000,0x00000000ead00000)
  from space 512K, 83% used [0x00000000eae80000,0x00000000eaeea498,0x00000000eaf00000)
  to   space 512K, 0% used [0x00000000eae00000,0x00000000eae00000,0x00000000eae80000)
 ParOldGen       total 150528K, used 138907K [0x00000000c0000000, 0x00000000c9300000, 0x00000000eab00000)
  object space 150528K, 92% used [0x00000000c0000000,0x00000000c87a6ec8,0x00000000c9300000)
 Metaspace       used 93340K, committed 94528K, reserved 1179648K
  class space    used 9397K, committed 9920K, reserved 1048576K
}
Event: 8962.797 GC heap before
{Heap before GC invocations=3061 (full 47):
 PSYoungGen      total 2560K, used 2451K [0x00000000eab00000, 0x00000000eaf00000, 0x0000000100000000)
  eden space 2048K, 98% used [0x00000000eab00000,0x00000000eacfa8a0,0x00000000ead00000)
  from space 512K, 83% used [0x00000000eae80000,0x00000000eaeea498,0x00000000eaf00000)
  to   space 512K, 0% used [0x00000000eae00000,0x00000000eae00000,0x00000000eae80000)
 ParOldGen       total 150528K, used 140386K [0x00000000c0000000, 0x00000000c9300000, 0x00000000eab00000)
  object space 150528K, 93% used [0x00000000c0000000,0x00000000c8918be0,0x00000000c9300000)
 Metaspace       used 93340K, committed 94528K, reserved 1179648K
  class space    used 9397K, committed 9920K, reserved 1048576K
}
Event: 8962.798 GC heap after
{Heap after GC invocations=3061 (full 47):
 PSYoungGen      total 2560K, used 486K [0x00000000eab00000, 0x00000000eaf00000, 0x0000000100000000)
  eden space 2048K, 0% used [0x00000000eab00000,0x00000000eab00000,0x00000000ead00000)
  from space 512K, 95% used [0x00000000eae00000,0x00000000eae799f8,0x00000000eae80000)
  to   space 512K, 0% used [0x00000000eae80000,0x00000000eae80000,0x00000000eaf00000)
 ParOldGen       total 150528K, used 140706K [0x00000000c0000000, 0x00000000c9300000, 0x00000000eab00000)
  object space 150528K, 93% used [0x00000000c0000000,0x00000000c8968a80,0x00000000c9300000)
 Metaspace       used 93340K, committed 94528K, reserved 1179648K
  class space    used 9397K, committed 9920K, reserved 1048576K
}
Event: 8962.813 GC heap before
{Heap before GC invocations=3062 (full 47):
 PSYoungGen      total 2560K, used 2483K [0x00000000eab00000, 0x00000000eaf00000, 0x0000000100000000)
  eden space 2048K, 97% used [0x00000000eab00000,0x00000000eacf34c0,0x00000000ead00000)
  from space 512K, 95% used [0x00000000eae00000,0x00000000eae799f8,0x00000000eae80000)
  to   space 512K, 0% used [0x00000000eae80000,0x00000000eae80000,0x00000000eaf00000)
 ParOldGen       total 150528K, used 143665K [0x00000000c0000000, 0x00000000c9300000, 0x00000000eab00000)
  object space 150528K, 95% used [0x00000000c0000000,0x00000000c8c4c4b0,0x00000000c9300000)
 Metaspace       used 93340K, committed 94528K, reserved 1179648K
  class space    used 9397K, committed 9920K, reserved 1048576K
}
Event: 8962.814 GC heap after
{Heap after GC invocations=3062 (full 47):
 PSYoungGen      total 2560K, used 492K [0x00000000eab00000, 0x00000000eaf00000, 0x0000000100000000)
  eden space 2048K, 0% used [0x00000000eab00000,0x00000000eab00000,0x00000000ead00000)
  from space 512K, 96% used [0x00000000eae80000,0x00000000eaefb198,0x00000000eaf00000)
  to   space 1024K, 0% used [0x00000000ead00000,0x00000000ead00000,0x00000000eae00000)
 ParOldGen       total 150528K, used 144143K [0x00000000c0000000, 0x00000000c9300000, 0x00000000eab00000)
  object space 150528K, 95% used [0x00000000c0000000,0x00000000c8cc3ef0,0x00000000c9300000)
 Metaspace       used 93340K, committed 94528K, reserved 1179648K
  class space    used 9397K, committed 9920K, reserved 1048576K
}
Event: 8962.822 GC heap before
{Heap before GC invocations=3063 (full 47):
 PSYoungGen      total 2560K, used 2438K [0x00000000eab00000, 0x00000000eaf00000, 0x0000000100000000)
  eden space 2048K, 95% used [0x00000000eab00000,0x00000000eace67e0,0x00000000ead00000)
  from space 512K, 96% used [0x00000000eae80000,0x00000000eaefb198,0x00000000eaf00000)
  to   space 1024K, 0% used [0x00000000ead00000,0x00000000ead00000,0x00000000eae00000)
 ParOldGen       total 150528K, used 145623K [0x00000000c0000000, 0x00000000c9300000, 0x00000000eab00000)
  object space 150528K, 96% used [0x00000000c0000000,0x00000000c8e35c08,0x00000000c9300000)
 Metaspace       used 93340K, committed 94528K, reserved 1179648K
  class space    used 9397K, committed 9920K, reserved 1048576K
}
Event: 8962.823 GC heap after
{Heap after GC invocations=3063 (full 47):
 PSYoungGen      total 3072K, used 486K [0x00000000eab00000, 0x00000000eaf00000, 0x0000000100000000)
  eden space 2048K, 0% used [0x00000000eab00000,0x00000000eab00000,0x00000000ead00000)
  from space 1024K, 47% used [0x00000000ead00000,0x00000000ead799f8,0x00000000eae00000)
  to   space 1024K, 0% used [0x00000000eae00000,0x00000000eae00000,0x00000000eaf00000)
 ParOldGen       total 150528K, used 145775K [0x00000000c0000000, 0x00000000c9300000, 0x00000000eab00000)
  object space 150528K, 96% used [0x00000000c0000000,0x00000000c8e5bc08,0x00000000c9300000)
 Metaspace       used 93340K, committed 94528K, reserved 1179648K
  class space    used 9397K, committed 9920K, reserved 1048576K
}
Event: 8962.837 GC heap before
{Heap before GC invocations=3064 (full 47):
 PSYoungGen      total 3072K, used 2445K [0x00000000eab00000, 0x00000000eaf00000, 0x0000000100000000)
  eden space 2048K, 95% used [0x00000000eab00000,0x00000000eace9a88,0x00000000ead00000)
  from space 1024K, 47% used [0x00000000ead00000,0x00000000ead799f8,0x00000000eae00000)
  to   space 1024K, 0% used [0x00000000eae00000,0x00000000eae00000,0x00000000eaf00000)
 ParOldGen       total 150528K, used 147254K [0x00000000c0000000, 0x00000000c9300000, 0x00000000eab00000)
  object space 150528K, 97% used [0x00000000c0000000,0x00000000c8fcd920,0x00000000c9300000)
 Metaspace       used 93340K, committed 94528K, reserved 1179648K
  class space    used 9397K, committed 9920K, reserved 1048576K
}
Event: 8962.839 GC heap after
{Heap after GC invocations=3064 (full 47):
 PSYoungGen      total 2560K, used 160K [0x00000000eab00000, 0x00000000eae80000, 0x0000000100000000)
  eden space 2048K, 0% used [0x00000000eab00000,0x00000000eab00000,0x00000000ead00000)
  from space 512K, 31% used [0x00000000eae00000,0x00000000eae28000,0x00000000eae80000)
  to   space 512K, 0% used [0x00000000ead80000,0x00000000ead80000,0x00000000eae00000)
 ParOldGen       total 150528K, used 147516K [0x00000000c0000000, 0x00000000c9300000, 0x00000000eab00000)
  object space 150528K, 97% used [0x00000000c0000000,0x00000000c900f318,0x00000000c9300000)
 Metaspace       used 93340K, committed 94528K, reserved 1179648K
  class space    used 9397K, committed 9920K, reserved 1048576K
}
Event: 8962.853 GC heap before
{Heap before GC invocations=3065 (full 47):
 PSYoungGen      total 2560K, used 2176K [0x00000000eab00000, 0x00000000eae80000, 0x0000000100000000)
  eden space 2048K, 98% used [0x00000000eab00000,0x00000000eacf8160,0x00000000ead00000)
  from space 512K, 31% used [0x00000000eae00000,0x00000000eae28000,0x00000000eae80000)
  to   space 512K, 0% used [0x00000000ead80000,0x00000000ead80000,0x00000000eae00000)
 ParOldGen       total 150528K, used 148996K [0x00000000c0000000, 0x00000000c9300000, 0x00000000eab00000)
  object space 150528K, 98% used [0x00000000c0000000,0x00000000c9181030,0x00000000c9300000)
 Metaspace       used 93340K, committed 94528K, reserved 1179648K
  class space    used 9397K, committed 9920K, reserved 1048576K
}
Event: 8962.854 GC heap after
{Heap after GC invocations=3065 (full 47):
 PSYoungGen      total 2560K, used 390K [0x00000000eab00000, 0x00000000eae80000, 0x0000000100000000)
  eden space 2048K, 0% used [0x00000000eab00000,0x00000000eab00000,0x00000000ead00000)
  from space 512K, 76% used [0x00000000ead80000,0x00000000eade1a10,0x00000000eae00000)
  to   space 512K, 0% used [0x00000000eae00000,0x00000000eae00000,0x00000000eae80000)
 ParOldGen       total 150528K, used 149465K [0x00000000c0000000, 0x00000000c9300000, 0x00000000eab00000)
  object space 150528K, 99% used [0x00000000c0000000,0x00000000c91f6700,0x00000000c9300000)
 Metaspace       used 93340K, committed 94528K, reserved 1179648K
  class space    used 9397K, committed 9920K, reserved 1048576K
}
Event: 8962.863 GC heap before
{Heap before GC invocations=3066 (full 47):
 PSYoungGen      total 2560K, used 2435K [0x00000000eab00000, 0x00000000eae80000, 0x0000000100000000)
  eden space 2048K, 99% used [0x00000000eab00000,0x00000000eacff538,0x00000000ead00000)
  from space 512K, 76% used [0x00000000ead80000,0x00000000eade1a10,0x00000000eae00000)
  to   space 512K, 0% used [0x00000000eae00000,0x00000000eae00000,0x00000000eae80000)
 ParOldGen       total 152064K, used 150945K [0x00000000c0000000, 0x00000000c9480000, 0x00000000eab00000)
  object space 152064K, 99% used [0x00000000c0000000,0x00000000c9368418,0x00000000c9480000)
 Metaspace       used 93340K, committed 94528K, reserved 1179648K
  class space    used 9397K, committed 9920K, reserved 1048576K
}
Event: 8962.864 GC heap after
{Heap after GC invocations=3066 (full 47):
 PSYoungGen      total 2560K, used 501K [0x00000000eab00000, 0x00000000eaf00000, 0x0000000100000000)
  eden space 2048K, 0% used [0x00000000eab00000,0x00000000eab00000,0x00000000ead00000)
  from space 512K, 97% used [0x00000000eae00000,0x00000000eae7d608,0x00000000eae80000)
  to   space 1024K, 0% used [0x00000000ead00000,0x00000000ead00000,0x00000000eae00000)
 ParOldGen       total 152064K, used 151125K [0x00000000c0000000, 0x00000000c9480000, 0x00000000eab00000)
  object space 152064K, 99% used [0x00000000c0000000,0x00000000c93955b0,0x00000000c9480000)
 Metaspace       used 93340K, committed 94528K, reserved 1179648K
  class space    used 9397K, committed 9920K, reserved 1048576K
}
Event: 8962.892 GC heap before
{Heap before GC invocations=3067 (full 47):
 PSYoungGen      total 2560K, used 2546K [0x00000000eab00000, 0x00000000eaf00000, 0x0000000100000000)
  eden space 2048K, 99% used [0x00000000eab00000,0x00000000eacff410,0x00000000ead00000)
  from space 512K, 97% used [0x00000000eae00000,0x00000000eae7d608,0x00000000eae80000)
  to   space 1024K, 0% used [0x00000000ead00000,0x00000000ead00000,0x00000000eae00000)
 ParOldGen       total 153600K, used 152604K [0x00000000c0000000, 0x00000000c9600000, 0x00000000eab00000)
  object space 153600K, 99% used [0x00000000c0000000,0x00000000c95072c8,0x00000000c9600000)
 Metaspace       used 93340K, committed 94528K, reserved 1179648K
  class space    used 9397K, committed 9920K, reserved 1048576K
}
Event: 8962.893 GC heap after
{Heap after GC invocations=3067 (full 47):
 PSYoungGen      total 3072K, used 905K [0x00000000eab00000, 0x00000000eaf00000, 0x0000000100000000)
  eden space 2048K, 0% used [0x00000000eab00000,0x00000000eab00000,0x00000000ead00000)
  from space 1024K, 88% used [0x00000000ead00000,0x00000000eade2498,0x00000000eae00000)
  to   space 1024K, 0% used [0x00000000eae00000,0x00000000eae00000,0x00000000eaf00000)
 ParOldGen       total 153600K, used 152992K [0x00000000c0000000, 0x00000000c9600000, 0x00000000eab00000)
  object space 153600K, 99% used [0x00000000c0000000,0x00000000c95681e8,0x00000000c9600000)
 Metaspace       used 93340K, committed 94528K, reserved 1179648K
  class space    used 9397K, committed 9920K, reserved 1048576K
}
Event: 8962.899 GC heap before
{Heap before GC invocations=3068 (full 47):
 PSYoungGen      total 3072K, used 2953K [0x00000000eab00000, 0x00000000eaf00000, 0x0000000100000000)
  eden space 2048K, 100% used [0x00000000eab00000,0x00000000ead00000,0x00000000ead00000)
  from space 1024K, 88% used [0x00000000ead00000,0x00000000eade2498,0x00000000eae00000)
  to   space 1024K, 0% used [0x00000000eae00000,0x00000000eae00000,0x00000000eaf00000)
 ParOldGen       total 155136K, used 154471K [0x00000000c0000000, 0x00000000c9780000, 0x00000000eab00000)
  object space 155136K, 99% used [0x00000000c0000000,0x00000000c96d9f00,0x00000000c9780000)
 Metaspace       used 93340K, committed 94528K, reserved 1179648K
  class space    used 9397K, committed 9920K, reserved 1048576K
}
Event: 8962.901 GC heap after
{Heap after GC invocations=3068 (full 47):
 PSYoungGen      total 3072K, used 683K [0x00000000eab00000, 0x00000000eaf00000, 0x0000000100000000)
  eden space 2048K, 0% used [0x00000000eab00000,0x00000000eab00000,0x00000000ead00000)
  from space 1024K, 66% used [0x00000000eae00000,0x00000000eaeaaf90,0x00000000eaf00000)
  to   space 1024K, 0% used [0x00000000ead00000,0x00000000ead00000,0x00000000eae00000)
 ParOldGen       total 155136K, used 154999K [0x00000000c0000000, 0x00000000c9780000, 0x00000000eab00000)
  object space 155136K, 99% used [0x00000000c0000000,0x00000000c975df00,0x00000000c9780000)
 Metaspace       used 93340K, committed 94528K, reserved 1179648K
  class space    used 9397K, committed 9920K, reserved 1048576K
}
Event: 8962.901 GC heap before
{Heap before GC invocations=3069 (full 48):
 PSYoungGen      total 3072K, used 683K [0x00000000eab00000, 0x00000000eaf00000, 0x0000000100000000)
  eden space 2048K, 0% used [0x00000000eab00000,0x00000000eab00000,0x00000000ead00000)
  from space 1024K, 66% used [0x00000000eae00000,0x00000000eaeaaf90,0x00000000eaf00000)
  to   space 1024K, 0% used [0x00000000ead00000,0x00000000ead00000,0x00000000eae00000)
 ParOldGen       total 155136K, used 154999K [0x00000000c0000000, 0x00000000c9780000, 0x00000000eab00000)
  object space 155136K, 99% used [0x00000000c0000000,0x00000000c975df00,0x00000000c9780000)
 Metaspace       used 93340K, committed 94528K, reserved 1179648K
  class space    used 9397K, committed 9920K, reserved 1048576K
}

