# JRE version: OpenJDK Runtime Environment Temurin-17.0.8.1+1 (17.0.8.1+1) (build 17.0.8.1+1)
# Java VM: OpenJDK 64-Bit Server VM Temurin-17.0.8.1+1 (17.0.8.1+1, mixed mode, tiered, compressed oops, compressed class ptrs, parallel gc, windows-amd64)
GC Precious Log:
 CPUs: 8 total, 8 available
 Memory: 8067M
 Large Page Support: Disabled
 NUMA Support: Disabled
 Compressed Oops: Enabled (32-bit)
 Alignments: Space 512K, Generation 512K, Heap 2M
 Heap Min Capacity: 100M
 Heap Initial Capacity: 100M
 Heap Max Capacity: 1G
 Pre-touch: Disabled
 Parallel Workers: 8
Heap:
 PSYoungGen      total 3072K, used 384K [0x00000000eab00000, 0x00000000eae80000, 0x0000000100000000)
  eden space 2560K, 0% used [0x00000000eab00000,0x00000000eab00000,0x00000000ead80000)
  from space 512K, 75% used [0x00000000eae00000,0x00000000eae60000,0x00000000eae80000)
  to   space 512K, 0% used [0x00000000ead80000,0x00000000ead80000,0x00000000eae00000)
 ParOldGen       total 130048K, used 129880K [0x00000000c0000000, 0x00000000c7f00000, 0x00000000eab00000)
  object space 130048K, 99% used [0x00000000c0000000,0x00000000c7ed6108,0x00000000c7f00000)
 Metaspace       used 91110K, committed 92352K, reserved 1179648K
  class space    used 9192K, committed 9728K, reserved 1048576K
GC Heap History (20 events):
Event: 22892.500 GC heap after
{Heap after GC invocations=6800 (full 197):
 PSYoungGen      total 2560K, used 704K [0x00000000eab00000, 0x00000000eae80000, 0x0000000100000000)
  eden space 1536K, 0% used [0x00000000eab00000,0x00000000eab00000,0x00000000eac80000)
  from space 1024K, 68% used [0x00000000ead00000,0x00000000eadb0000,0x00000000eae00000)
  to   space 512K, 0% used [0x00000000eae00000,0x00000000eae00000,0x00000000eae80000)
 ParOldGen       total 123904K, used 119882K [0x00000000c0000000, 0x00000000c7900000, 0x00000000eab00000)
  object space 123904K, 96% used [0x00000000c0000000,0x00000000c75129c0,0x00000000c7900000)
 Metaspace       used 91108K, committed 92352K, reserved 1179648K
  class space    used 9192K, committed 9728K, reserved 1048576K
}
Event: 22892.519 GC heap before
{Heap before GC invocations=6801 (full 197):
 PSYoungGen      total 2560K, used 2240K [0x00000000eab00000, 0x00000000eae80000, 0x0000000100000000)
  eden space 1536K, 100% used [0x00000000eab00000,0x00000000eac80000,0x00000000eac80000)
  from space 1024K, 68% used [0x00000000ead00000,0x00000000eadb0000,0x00000000eae00000)
  to   space 512K, 0% used [0x00000000eae00000,0x00000000eae00000,0x00000000eae80000)
 ParOldGen       total 123904K, used 119882K [0x00000000c0000000, 0x00000000c7900000, 0x00000000eab00000)
  object space 123904K, 96% used [0x00000000c0000000,0x00000000c75129c0,0x00000000c7900000)
 Metaspace       used 91108K, committed 92352K, reserved 1179648K
  class space    used 9192K, committed 9728K, reserved 1048576K
}
Event: 22892.521 GC heap after
{Heap after GC invocations=6801 (full 197):
 PSYoungGen      total 2048K, used 512K [0x00000000eab00000, 0x00000000eaf80000, 0x0000000100000000)
  eden space 1536K, 0% used [0x00000000eab00000,0x00000000eab00000,0x00000000eac80000)
  from space 512K, 100% used [0x00000000eae00000,0x00000000eae80000,0x00000000eae80000)
  to   space 1536K, 0% used [0x00000000eac80000,0x00000000eac80000,0x00000000eae00000)
 ParOldGen       total 123904K, used 120499K [0x00000000c0000000, 0x00000000c7900000, 0x00000000eab00000)
  object space 123904K, 97% used [0x00000000c0000000,0x00000000c75acc28,0x00000000c7900000)
 Metaspace       used 91108K, committed 92352K, reserved 1179648K
  class space    used 9192K, committed 9728K, reserved 1048576K
}
Event: 22892.769 GC heap before
{Heap before GC invocations=6802 (full 197):
 PSYoungGen      total 2048K, used 1971K [0x00000000eab00000, 0x00000000eaf80000, 0x0000000100000000)
  eden space 1536K, 95% used [0x00000000eab00000,0x00000000eac6cf58,0x00000000eac80000)
  from space 512K, 100% used [0x00000000eae00000,0x00000000eae80000,0x00000000eae80000)
  to   space 1536K, 0% used [0x00000000eac80000,0x00000000eac80000,0x00000000eae00000)
 ParOldGen       total 123904K, used 121978K [0x00000000c0000000, 0x00000000c7900000, 0x00000000eab00000)
  object space 123904K, 98% used [0x00000000c0000000,0x00000000c771e940,0x00000000c7900000)
 Metaspace       used 91108K, committed 92352K, reserved 1179648K
  class space    used 9192K, committed 9728K, reserved 1048576K
}
Event: 22892.771 GC heap after
{Heap after GC invocations=6802 (full 197):
 PSYoungGen      total 3072K, used 1095K [0x00000000eab00000, 0x00000000eaf80000, 0x0000000100000000)
  eden space 1536K, 0% used [0x00000000eab00000,0x00000000eab00000,0x00000000eac80000)
  from space 1536K, 71% used [0x00000000eac80000,0x00000000ead91cc0,0x00000000eae00000)
  to   space 1536K, 0% used [0x00000000eae00000,0x00000000eae00000,0x00000000eaf80000)
 ParOldGen       total 123904K, used 122074K [0x00000000c0000000, 0x00000000c7900000, 0x00000000eab00000)
  object space 123904K, 98% used [0x00000000c0000000,0x00000000c7736940,0x00000000c7900000)
 Metaspace       used 91108K, committed 92352K, reserved 1179648K
  class space    used 9192K, committed 9728K, reserved 1048576K
}
Event: 22892.778 GC heap before
{Heap before GC invocations=6803 (full 197):
 PSYoungGen      total 3072K, used 2631K [0x00000000eab00000, 0x00000000eaf80000, 0x0000000100000000)
  eden space 1536K, 100% used [0x00000000eab00000,0x00000000eac80000,0x00000000eac80000)
  from space 1536K, 71% used [0x00000000eac80000,0x00000000ead91cc0,0x00000000eae00000)
  to   space 1536K, 0% used [0x00000000eae00000,0x00000000eae00000,0x00000000eaf80000)
 ParOldGen       total 123904K, used 122074K [0x00000000c0000000, 0x00000000c7900000, 0x00000000eab00000)
  object space 123904K, 98% used [0x00000000c0000000,0x00000000c7736940,0x00000000c7900000)
 Metaspace       used 91108K, committed 92352K, reserved 1179648K
  class space    used 9192K, committed 9728K, reserved 1048576K
}
Event: 22892.780 GC heap after
{Heap after GC invocations=6803 (full 197):
 PSYoungGen      total 3072K, used 1276K [0x00000000eab00000, 0x00000000eb000000, 0x0000000100000000)
  eden space 1536K, 0% used [0x00000000eab00000,0x00000000eab00000,0x00000000eac80000)
  from space 1536K, 83% used [0x00000000eae00000,0x00000000eaf3f040,0x00000000eaf80000)
  to   space 1536K, 0% used [0x00000000eac80000,0x00000000eac80000,0x00000000eae00000)
 ParOldGen       total 123904K, used 122074K [0x00000000c0000000, 0x00000000c7900000, 0x00000000eab00000)
  object space 123904K, 98% used [0x00000000c0000000,0x00000000c7736940,0x00000000c7900000)
 Metaspace       used 91108K, committed 92352K, reserved 1179648K
  class space    used 9192K, committed 9728K, reserved 1048576K
}
Event: 22892.819 GC heap before
{Heap before GC invocations=6804 (full 197):
 PSYoungGen      total 3072K, used 2716K [0x00000000eab00000, 0x00000000eb000000, 0x0000000100000000)
  eden space 1536K, 93% used [0x00000000eab00000,0x00000000eac68390,0x00000000eac80000)
  from space 1536K, 83% used [0x00000000eae00000,0x00000000eaf3f040,0x00000000eaf80000)
  to   space 1536K, 0% used [0x00000000eac80000,0x00000000eac80000,0x00000000eae00000)
 ParOldGen       total 125440K, used 125032K [0x00000000c0000000, 0x00000000c7a80000, 0x00000000eab00000)
  object space 125440K, 99% used [0x00000000c0000000,0x00000000c7a1a370,0x00000000c7a80000)
 Metaspace       used 91108K, committed 92352K, reserved 1179648K
  class space    used 9192K, committed 9728K, reserved 1048576K
}
Event: 22892.820 GC heap after
{Heap after GC invocations=6804 (full 197):
 PSYoungGen      total 3072K, used 1244K [0x00000000eab00000, 0x00000000eaf80000, 0x0000000100000000)
  eden space 1536K, 0% used [0x00000000eab00000,0x00000000eab00000,0x00000000eac80000)
  from space 1536K, 80% used [0x00000000eac80000,0x00000000eadb7040,0x00000000eae00000)
  to   space 1536K, 0% used [0x00000000eae00000,0x00000000eae00000,0x00000000eaf80000)
 ParOldGen       total 125440K, used 125104K [0x00000000c0000000, 0x00000000c7a80000, 0x00000000eab00000)
  object space 125440K, 99% used [0x00000000c0000000,0x00000000c7a2c370,0x00000000c7a80000)
 Metaspace       used 91108K, committed 92352K, reserved 1179648K
  class space    used 9192K, committed 9728K, reserved 1048576K
}
Event: 22892.830 GC heap before
{Heap before GC invocations=6805 (full 197):
 PSYoungGen      total 3072K, used 2780K [0x00000000eab00000, 0x00000000eaf80000, 0x0000000100000000)
  eden space 1536K, 100% used [0x00000000eab00000,0x00000000eac80000,0x00000000eac80000)
  from space 1536K, 80% used [0x00000000eac80000,0x00000000eadb7040,0x00000000eae00000)
  to   space 1536K, 0% used [0x00000000eae00000,0x00000000eae00000,0x00000000eaf80000)
 ParOldGen       total 125440K, used 125104K [0x00000000c0000000, 0x00000000c7a80000, 0x00000000eab00000)
  object space 125440K, 99% used [0x00000000c0000000,0x00000000c7a2c370,0x00000000c7a80000)
 Metaspace       used 91108K, committed 92352K, reserved 1179648K
  class space    used 9192K, committed 9728K, reserved 1048576K
}
Event: 22892.833 GC heap after
{Heap after GC invocations=6805 (full 197):
 PSYoungGen      total 3072K, used 1340K [0x00000000eab00000, 0x00000000eb000000, 0x0000000100000000)
  eden space 1536K, 0% used [0x00000000eab00000,0x00000000eab00000,0x00000000eac80000)
  from space 1536K, 87% used [0x00000000eae00000,0x00000000eaf4f040,0x00000000eaf80000)
  to   space 1536K, 0% used [0x00000000eac80000,0x00000000eac80000,0x00000000eae00000)
 ParOldGen       total 125440K, used 125152K [0x00000000c0000000, 0x00000000c7a80000, 0x00000000eab00000)
  object space 125440K, 99% used [0x00000000c0000000,0x00000000c7a38370,0x00000000c7a80000)
 Metaspace       used 91108K, committed 92352K, reserved 1179648K
  class space    used 9192K, committed 9728K, reserved 1048576K
}
Event: 22892.880 GC heap before
{Heap before GC invocations=6806 (full 197):
 PSYoungGen      total 3072K, used 2872K [0x00000000eab00000, 0x00000000eb000000, 0x0000000100000000)
  eden space 1536K, 99% used [0x00000000eab00000,0x00000000eac7f038,0x00000000eac80000)
  from space 1536K, 87% used [0x00000000eae00000,0x00000000eaf4f040,0x00000000eaf80000)
  to   space 1536K, 0% used [0x00000000eac80000,0x00000000eac80000,0x00000000eae00000)
 ParOldGen       total 126976K, used 126632K [0x00000000c0000000, 0x00000000c7c00000, 0x00000000eab00000)
  object space 126976K, 99% used [0x00000000c0000000,0x00000000c7baa088,0x00000000c7c00000)
 Metaspace       used 91110K, committed 92352K, reserved 1179648K
  class space    used 9192K, committed 9728K, reserved 1048576K
}
Event: 22892.881 GC heap after
{Heap after GC invocations=6806 (full 197):
 PSYoungGen      total 3072K, used 1381K [0x00000000eab00000, 0x00000000eaf80000, 0x0000000100000000)
  eden space 1536K, 0% used [0x00000000eab00000,0x00000000eab00000,0x00000000eac80000)
  from space 1536K, 89% used [0x00000000eac80000,0x00000000eadd94d8,0x00000000eae00000)
  to   space 1536K, 0% used [0x00000000eae00000,0x00000000eae00000,0x00000000eaf80000)
 ParOldGen       total 127488K, used 126984K [0x00000000c0000000, 0x00000000c7c80000, 0x00000000eab00000)
  object space 127488K, 99% used [0x00000000c0000000,0x00000000c7c02088,0x00000000c7c80000)
 Metaspace       used 91110K, committed 92352K, reserved 1179648K
  class space    used 9192K, committed 9728K, reserved 1048576K
}
Event: 22892.887 GC heap before
{Heap before GC invocations=6807 (full 197):
 PSYoungGen      total 3072K, used 2473K [0x00000000eab00000, 0x00000000eaf80000, 0x0000000100000000)
  eden space 1536K, 71% used [0x00000000eab00000,0x00000000eac11248,0x00000000eac80000)
  from space 1536K, 89% used [0x00000000eac80000,0x00000000eadd94d8,0x00000000eae00000)
  to   space 1536K, 0% used [0x00000000eae00000,0x00000000eae00000,0x00000000eaf80000)
 ParOldGen       total 128512K, used 127911K [0x00000000c0000000, 0x00000000c7d80000, 0x00000000eab00000)
  object space 128512K, 99% used [0x00000000c0000000,0x00000000c7ce9dd8,0x00000000c7d80000)
 Metaspace       used 91110K, committed 92352K, reserved 1179648K
  class space    used 9192K, committed 9728K, reserved 1048576K
}
Event: 22892.889 GC heap after
{Heap after GC invocations=6807 (full 197):
 PSYoungGen      total 3072K, used 288K [0x00000000eab00000, 0x00000000eaf00000, 0x0000000100000000)
  eden space 2048K, 0% used [0x00000000eab00000,0x00000000eab00000,0x00000000ead00000)
  from space 1024K, 28% used [0x00000000eae00000,0x00000000eae48000,0x00000000eaf00000)
  to   space 1024K, 0% used [0x00000000ead00000,0x00000000ead00000,0x00000000eae00000)
 ParOldGen       total 128512K, used 127967K [0x00000000c0000000, 0x00000000c7d80000, 0x00000000eab00000)
  object space 128512K, 99% used [0x00000000c0000000,0x00000000c7cf7dd8,0x00000000c7d80000)
 Metaspace       used 91110K, committed 92352K, reserved 1179648K
  class space    used 9192K, committed 9728K, reserved 1048576K
}
Event: 22892.896 GC heap before
{Heap before GC invocations=6808 (full 197):
 PSYoungGen      total 3072K, used 2336K [0x00000000eab00000, 0x00000000eaf00000, 0x0000000100000000)
  eden space 2048K, 100% used [0x00000000eab00000,0x00000000ead00000,0x00000000ead00000)
  from space 1024K, 28% used [0x00000000eae00000,0x00000000eae48000,0x00000000eaf00000)
  to   space 1024K, 0% used [0x00000000ead00000,0x00000000ead00000,0x00000000eae00000)
 ParOldGen       total 128512K, used 127967K [0x00000000c0000000, 0x00000000c7d80000, 0x00000000eab00000)
  object space 128512K, 99% used [0x00000000c0000000,0x00000000c7cf7dd8,0x00000000c7d80000)
 Metaspace       used 91110K, committed 92352K, reserved 1179648K
  class space    used 9192K, committed 9728K, reserved 1048576K
}
Event: 22892.899 GC heap after
{Heap after GC invocations=6808 (full 197):
 PSYoungGen      total 3072K, used 256K [0x00000000eab00000, 0x00000000eae80000, 0x0000000100000000)
  eden space 2048K, 0% used [0x00000000eab00000,0x00000000eab00000,0x00000000ead00000)
  from space 1024K, 25% used [0x00000000ead00000,0x00000000ead40000,0x00000000eae00000)
  to   space 512K, 0% used [0x00000000eae00000,0x00000000eae00000,0x00000000eae80000)
 ParOldGen       total 128512K, used 128156K [0x00000000c0000000, 0x00000000c7d80000, 0x00000000eab00000)
  object space 128512K, 99% used [0x00000000c0000000,0x00000000c7d27258,0x00000000c7d80000)
 Metaspace       used 91110K, committed 92352K, reserved 1179648K
  class space    used 9192K, committed 9728K, reserved 1048576K
}
Event: 22892.916 GC heap before
{Heap before GC invocations=6809 (full 197):
 PSYoungGen      total 3072K, used 2304K [0x00000000eab00000, 0x00000000eae80000, 0x0000000100000000)
  eden space 2048K, 100% used [0x00000000eab00000,0x00000000ead00000,0x00000000ead00000)
  from space 1024K, 25% used [0x00000000ead00000,0x00000000ead40000,0x00000000eae00000)
  to   space 512K, 0% used [0x00000000eae00000,0x00000000eae00000,0x00000000eae80000)
 ParOldGen       total 128512K, used 128156K [0x00000000c0000000, 0x00000000c7d80000, 0x00000000eab00000)
  object space 128512K, 99% used [0x00000000c0000000,0x00000000c7d27258,0x00000000c7d80000)
 Metaspace       used 91110K, committed 92352K, reserved 1179648K
  class space    used 9192K, committed 9728K, reserved 1048576K
}
Event: 22892.921 GC heap after
{Heap after GC invocations=6809 (full 197):
 PSYoungGen      total 3072K, used 384K [0x00000000eab00000, 0x00000000eae80000, 0x0000000100000000)
  eden space 2560K, 0% used [0x00000000eab00000,0x00000000eab00000,0x00000000ead80000)
  from space 512K, 75% used [0x00000000eae00000,0x00000000eae60000,0x00000000eae80000)
  to   space 512K, 0% used [0x00000000ead80000,0x00000000ead80000,0x00000000eae00000)
 ParOldGen       total 130048K, used 129880K [0x00000000c0000000, 0x00000000c7f00000, 0x00000000eab00000)
  object space 130048K, 99% used [0x00000000c0000000,0x00000000c7ed6108,0x00000000c7f00000)
 Metaspace       used 91110K, committed 92352K, reserved 1179648K
  class space    used 9192K, committed 9728K, reserved 1048576K
}
Event: 22892.921 GC heap before
{Heap before GC invocations=6810 (full 198):
 PSYoungGen      total 3072K, used 384K [0x00000000eab00000, 0x00000000eae80000, 0x0000000100000000)
  eden space 2560K, 0% used [0x00000000eab00000,0x00000000eab00000,0x00000000ead80000)
  from space 512K, 75% used [0x00000000eae00000,0x00000000eae60000,0x00000000eae80000)
  to   space 512K, 0% used [0x00000000ead80000,0x00000000ead80000,0x00000000eae00000)
 ParOldGen       total 130048K, used 129880K [0x00000000c0000000, 0x00000000c7f00000, 0x00000000eab00000)
  object space 130048K, 99% used [0x00000000c0000000,0x00000000c7ed6108,0x00000000c7f00000)
 Metaspace       used 91110K, committed 92352K, reserved 1179648K
  class space    used 9192K, committed 9728K, reserved 1048576K
}

