# JRE version: OpenJDK Runtime Environment Temurin-17.0.8.1+1 (17.0.8.1+1) (build 17.0.8.1+1)
# Java VM: OpenJDK 64-Bit Server VM Temurin-17.0.8.1+1 (17.0.8.1+1, mixed mode, tiered, compressed oops, compressed class ptrs, parallel gc, windows-amd64)
GC Precious Log:
 CPUs: 8 total, 8 available
 Memory: 8067M
 Large Page Support: Disabled
 NUMA Support: Disabled
 Compressed Oops: Enabled (32-bit)
 Alignments: Space 512K, Generation 512K, Heap 2M
 Heap Min Capacity: 100M
 Heap Initial Capacity: 100M
 Heap Max Capacity: 1G
 Pre-touch: Disabled
 Parallel Workers: 8
Heap:
 PSYoungGen      total 2048K, used 1216K [0x00000000eab00000, 0x00000000eaf00000, 0x0000000100000000)
  eden space 512K, 0% used [0x00000000eab00000,0x00000000eab00000,0x00000000eab80000)
  from space 1536K, 79% used [0x00000000ead80000,0x00000000eaeb0000,0x00000000eaf00000)
  to   space 1536K, 0% used [0x00000000eab80000,0x00000000eab80000,0x00000000ead00000)
 ParOldGen       total 119808K, used 119437K [0x00000000c0000000, 0x00000000c7500000, 0x00000000eab00000)
  object space 119808K, 99% used [0x00000000c0000000,0x00000000c74a35b0,0x00000000c7500000)
 Metaspace       used 77296K, committed 78528K, reserved 1179648K
  class space    used 8206K, committed 8832K, reserved 1048576K
GC Heap History (20 events):
Event: 6635.535 GC heap after
{Heap after GC invocations=184 (full 5):
 PSYoungGen      total 1536K, used 944K [0x00000000eab00000, 0x00000000ead80000, 0x0000000100000000)
  eden space 512K, 0% used [0x00000000eab00000,0x00000000eab00000,0x00000000eab80000)
  from space 1024K, 92% used [0x00000000eab80000,0x00000000eac6c010,0x00000000eac80000)
  to   space 1024K, 0% used [0x00000000eac80000,0x00000000eac80000,0x00000000ead80000)
 ParOldGen       total 119808K, used 118566K [0x00000000c0000000, 0x00000000c7500000, 0x00000000eab00000)
  object space 119808K, 98% used [0x00000000c0000000,0x00000000c73c9a90,0x00000000c7500000)
 Metaspace       used 77203K, committed 78400K, reserved 1179648K
  class space    used 8203K, committed 8832K, reserved 1048576K
}
Event: 6635.541 GC heap before
{Heap before GC invocations=185 (full 5):
 PSYoungGen      total 1536K, used 1456K [0x00000000eab00000, 0x00000000ead80000, 0x0000000100000000)
  eden space 512K, 100% used [0x00000000eab00000,0x00000000eab80000,0x00000000eab80000)
  from space 1024K, 92% used [0x00000000eab80000,0x00000000eac6c010,0x00000000eac80000)
  to   space 1024K, 0% used [0x00000000eac80000,0x00000000eac80000,0x00000000ead80000)
 ParOldGen       total 119808K, used 118566K [0x00000000c0000000, 0x00000000c7500000, 0x00000000eab00000)
  object space 119808K, 98% used [0x00000000c0000000,0x00000000c73c9a90,0x00000000c7500000)
 Metaspace       used 77205K, committed 78400K, reserved 1179648K
  class space    used 8203K, committed 8832K, reserved 1048576K
}
Event: 6635.543 GC heap after
{Heap after GC invocations=185 (full 5):
 PSYoungGen      total 1536K, used 1008K [0x00000000eab00000, 0x00000000eae80000, 0x0000000100000000)
  eden space 512K, 0% used [0x00000000eab00000,0x00000000eab00000,0x00000000eab80000)
  from space 1024K, 98% used [0x00000000eac80000,0x00000000ead7c010,0x00000000ead80000)
  to   space 1024K, 0% used [0x00000000eab80000,0x00000000eab80000,0x00000000eac80000)
 ParOldGen       total 119808K, used 118658K [0x00000000c0000000, 0x00000000c7500000, 0x00000000eab00000)
  object space 119808K, 99% used [0x00000000c0000000,0x00000000c73e0aa0,0x00000000c7500000)
 Metaspace       used 77205K, committed 78400K, reserved 1179648K
  class space    used 8203K, committed 8832K, reserved 1048576K
}
Event: 6635.660 GC heap before
{Heap before GC invocations=186 (full 5):
 PSYoungGen      total 1536K, used 1520K [0x00000000eab00000, 0x00000000eae80000, 0x0000000100000000)
  eden space 512K, 100% used [0x00000000eab00000,0x00000000eab80000,0x00000000eab80000)
  from space 1024K, 98% used [0x00000000eac80000,0x00000000ead7c010,0x00000000ead80000)
  to   space 1024K, 0% used [0x00000000eab80000,0x00000000eab80000,0x00000000eac80000)
 ParOldGen       total 119808K, used 118658K [0x00000000c0000000, 0x00000000c7500000, 0x00000000eab00000)
  object space 119808K, 99% used [0x00000000c0000000,0x00000000c73e0aa0,0x00000000c7500000)
 Metaspace       used 77205K, committed 78400K, reserved 1179648K
  class space    used 8203K, committed 8832K, reserved 1048576K
}
Event: 6635.663 GC heap after
{Heap after GC invocations=186 (full 5):
 PSYoungGen      total 1536K, used 1024K [0x00000000eab00000, 0x00000000eae80000, 0x0000000100000000)
  eden space 512K, 0% used [0x00000000eab00000,0x00000000eab00000,0x00000000eab80000)
  from space 1024K, 100% used [0x00000000eab80000,0x00000000eac80000,0x00000000eac80000)
  to   space 1536K, 0% used [0x00000000ead00000,0x00000000ead00000,0x00000000eae80000)
 ParOldGen       total 119808K, used 118794K [0x00000000c0000000, 0x00000000c7500000, 0x00000000eab00000)
  object space 119808K, 99% used [0x00000000c0000000,0x00000000c7402aa0,0x00000000c7500000)
 Metaspace       used 77205K, committed 78400K, reserved 1179648K
  class space    used 8203K, committed 8832K, reserved 1048576K
}
Event: 6636.407 GC heap before
{Heap before GC invocations=187 (full 5):
 PSYoungGen      total 1536K, used 1536K [0x00000000eab00000, 0x00000000eae80000, 0x0000000100000000)
  eden space 512K, 100% used [0x00000000eab00000,0x00000000eab80000,0x00000000eab80000)
  from space 1024K, 100% used [0x00000000eab80000,0x00000000eac80000,0x00000000eac80000)
  to   space 1536K, 0% used [0x00000000ead00000,0x00000000ead00000,0x00000000eae80000)
 ParOldGen       total 119808K, used 118794K [0x00000000c0000000, 0x00000000c7500000, 0x00000000eab00000)
  object space 119808K, 99% used [0x00000000c0000000,0x00000000c7402aa0,0x00000000c7500000)
 Metaspace       used 77231K, committed 78464K, reserved 1179648K
  class space    used 8203K, committed 8832K, reserved 1048576K
}
Event: 6636.408 GC heap after
{Heap after GC invocations=187 (full 5):
 PSYoungGen      total 2048K, used 1136K [0x00000000eab00000, 0x00000000eae80000, 0x0000000100000000)
  eden space 512K, 0% used [0x00000000eab00000,0x00000000eab00000,0x00000000eab80000)
  from space 1536K, 73% used [0x00000000ead00000,0x00000000eae1c010,0x00000000eae80000)
  to   space 1536K, 0% used [0x00000000eab80000,0x00000000eab80000,0x00000000ead00000)
 ParOldGen       total 119808K, used 118810K [0x00000000c0000000, 0x00000000c7500000, 0x00000000eab00000)
  object space 119808K, 99% used [0x00000000c0000000,0x00000000c7406aa0,0x00000000c7500000)
 Metaspace       used 77231K, committed 78464K, reserved 1179648K
  class space    used 8203K, committed 8832K, reserved 1048576K
}
Event: 6636.718 GC heap before
{Heap before GC invocations=188 (full 5):
 PSYoungGen      total 2048K, used 1648K [0x00000000eab00000, 0x00000000eae80000, 0x0000000100000000)
  eden space 512K, 100% used [0x00000000eab00000,0x00000000eab80000,0x00000000eab80000)
  from space 1536K, 73% used [0x00000000ead00000,0x00000000eae1c010,0x00000000eae80000)
  to   space 1536K, 0% used [0x00000000eab80000,0x00000000eab80000,0x00000000ead00000)
 ParOldGen       total 119808K, used 118810K [0x00000000c0000000, 0x00000000c7500000, 0x00000000eab00000)
  object space 119808K, 99% used [0x00000000c0000000,0x00000000c7406aa0,0x00000000c7500000)
 Metaspace       used 77235K, committed 78464K, reserved 1179648K
  class space    used 8203K, committed 8832K, reserved 1048576K
}
Event: 6636.720 GC heap after
{Heap after GC invocations=188 (full 5):
 PSYoungGen      total 2048K, used 1168K [0x00000000eab00000, 0x00000000eae80000, 0x0000000100000000)
  eden space 512K, 0% used [0x00000000eab00000,0x00000000eab00000,0x00000000eab80000)
  from space 1536K, 76% used [0x00000000eab80000,0x00000000eaca4010,0x00000000ead00000)
  to   space 1536K, 0% used [0x00000000ead00000,0x00000000ead00000,0x00000000eae80000)
 ParOldGen       total 119808K, used 118810K [0x00000000c0000000, 0x00000000c7500000, 0x00000000eab00000)
  object space 119808K, 99% used [0x00000000c0000000,0x00000000c7406aa0,0x00000000c7500000)
 Metaspace       used 77235K, committed 78464K, reserved 1179648K
  class space    used 8203K, committed 8832K, reserved 1048576K
}
Event: 6636.726 GC heap before
{Heap before GC invocations=189 (full 5):
 PSYoungGen      total 2048K, used 1680K [0x00000000eab00000, 0x00000000eae80000, 0x0000000100000000)
  eden space 512K, 100% used [0x00000000eab00000,0x00000000eab80000,0x00000000eab80000)
  from space 1536K, 76% used [0x00000000eab80000,0x00000000eaca4010,0x00000000ead00000)
  to   space 1536K, 0% used [0x00000000ead00000,0x00000000ead00000,0x00000000eae80000)
 ParOldGen       total 119808K, used 118810K [0x00000000c0000000, 0x00000000c7500000, 0x00000000eab00000)
  object space 119808K, 99% used [0x00000000c0000000,0x00000000c7406aa0,0x00000000c7500000)
 Metaspace       used 77237K, committed 78464K, reserved 1179648K
  class space    used 8203K, committed 8832K, reserved 1048576K
}
Event: 6636.727 GC heap after
{Heap after GC invocations=189 (full 5):
 PSYoungGen      total 2048K, used 1312K [0x00000000eab00000, 0x00000000eae80000, 0x0000000100000000)
  eden space 512K, 0% used [0x00000000eab00000,0x00000000eab00000,0x00000000eab80000)
  from space 1536K, 85% used [0x00000000ead00000,0x00000000eae48000,0x00000000eae80000)
  to   space 1536K, 0% used [0x00000000eab80000,0x00000000eab80000,0x00000000ead00000)
 ParOldGen       total 119808K, used 118810K [0x00000000c0000000, 0x00000000c7500000, 0x00000000eab00000)
  object space 119808K, 99% used [0x00000000c0000000,0x00000000c7406aa0,0x00000000c7500000)
 Metaspace       used 77237K, committed 78464K, reserved 1179648K
  class space    used 8203K, committed 8832K, reserved 1048576K
}
Event: 6636.731 GC heap before
{Heap before GC invocations=190 (full 5):
 PSYoungGen      total 2048K, used 1823K [0x00000000eab00000, 0x00000000eae80000, 0x0000000100000000)
  eden space 512K, 99% used [0x00000000eab00000,0x00000000eab7fff0,0x00000000eab80000)
  from space 1536K, 85% used [0x00000000ead00000,0x00000000eae48000,0x00000000eae80000)
  to   space 1536K, 0% used [0x00000000eab80000,0x00000000eab80000,0x00000000ead00000)
 ParOldGen       total 119808K, used 118810K [0x00000000c0000000, 0x00000000c7500000, 0x00000000eab00000)
  object space 119808K, 99% used [0x00000000c0000000,0x00000000c7406aa0,0x00000000c7500000)
 Metaspace       used 77238K, committed 78464K, reserved 1179648K
  class space    used 8203K, committed 8832K, reserved 1048576K
}
Event: 6636.733 GC heap after
{Heap after GC invocations=190 (full 5):
 PSYoungGen      total 2048K, used 1472K [0x00000000eab00000, 0x00000000eae80000, 0x0000000100000000)
  eden space 512K, 0% used [0x00000000eab00000,0x00000000eab00000,0x00000000eab80000)
  from space 1536K, 95% used [0x00000000eab80000,0x00000000eacf0000,0x00000000ead00000)
  to   space 1536K, 0% used [0x00000000ead00000,0x00000000ead00000,0x00000000eae80000)
 ParOldGen       total 119808K, used 118826K [0x00000000c0000000, 0x00000000c7500000, 0x00000000eab00000)
  object space 119808K, 99% used [0x00000000c0000000,0x00000000c740aaa0,0x00000000c7500000)
 Metaspace       used 77238K, committed 78464K, reserved 1179648K
  class space    used 8203K, committed 8832K, reserved 1048576K
}
Event: 6636.753 GC heap before
{Heap before GC invocations=191 (full 5):
 PSYoungGen      total 2048K, used 1984K [0x00000000eab00000, 0x00000000eae80000, 0x0000000100000000)
  eden space 512K, 100% used [0x00000000eab00000,0x00000000eab80000,0x00000000eab80000)
  from space 1536K, 95% used [0x00000000eab80000,0x00000000eacf0000,0x00000000ead00000)
  to   space 1536K, 0% used [0x00000000ead00000,0x00000000ead00000,0x00000000eae80000)
 ParOldGen       total 119808K, used 118826K [0x00000000c0000000, 0x00000000c7500000, 0x00000000eab00000)
  object space 119808K, 99% used [0x00000000c0000000,0x00000000c740aaa0,0x00000000c7500000)
 Metaspace       used 77239K, committed 78464K, reserved 1179648K
  class space    used 8203K, committed 8832K, reserved 1048576K
}
Event: 6636.755 GC heap after
{Heap after GC invocations=191 (full 5):
 PSYoungGen      total 2048K, used 1520K [0x00000000eab00000, 0x00000000eaf80000, 0x0000000100000000)
  eden space 512K, 0% used [0x00000000eab00000,0x00000000eab00000,0x00000000eab80000)
  from space 1536K, 98% used [0x00000000ead00000,0x00000000eae7c010,0x00000000eae80000)
  to   space 1536K, 0% used [0x00000000eab80000,0x00000000eab80000,0x00000000ead00000)
 ParOldGen       total 119808K, used 118874K [0x00000000c0000000, 0x00000000c7500000, 0x00000000eab00000)
  object space 119808K, 99% used [0x00000000c0000000,0x00000000c7416aa0,0x00000000c7500000)
 Metaspace       used 77239K, committed 78464K, reserved 1179648K
  class space    used 8203K, committed 8832K, reserved 1048576K
}
Event: 6636.891 GC heap before
{Heap before GC invocations=192 (full 5):
 PSYoungGen      total 2048K, used 2032K [0x00000000eab00000, 0x00000000eaf80000, 0x0000000100000000)
  eden space 512K, 100% used [0x00000000eab00000,0x00000000eab80000,0x00000000eab80000)
  from space 1536K, 98% used [0x00000000ead00000,0x00000000eae7c010,0x00000000eae80000)
  to   space 1536K, 0% used [0x00000000eab80000,0x00000000eab80000,0x00000000ead00000)
 ParOldGen       total 119808K, used 118874K [0x00000000c0000000, 0x00000000c7500000, 0x00000000eab00000)
  object space 119808K, 99% used [0x00000000c0000000,0x00000000c7416aa0,0x00000000c7500000)
 Metaspace       used 77258K, committed 78528K, reserved 1179648K
  class space    used 8204K, committed 8832K, reserved 1048576K
}
Event: 6636.893 GC heap after
{Heap after GC invocations=192 (full 5):
 PSYoungGen      total 2048K, used 1520K [0x00000000eab00000, 0x00000000eaf80000, 0x0000000100000000)
  eden space 512K, 0% used [0x00000000eab00000,0x00000000eab00000,0x00000000eab80000)
  from space 1536K, 98% used [0x00000000eab80000,0x00000000eacfc010,0x00000000ead00000)
  to   space 2048K, 0% used [0x00000000ead80000,0x00000000ead80000,0x00000000eaf80000)
 ParOldGen       total 119808K, used 118965K [0x00000000c0000000, 0x00000000c7500000, 0x00000000eab00000)
  object space 119808K, 99% used [0x00000000c0000000,0x00000000c742d5b0,0x00000000c7500000)
 Metaspace       used 77258K, committed 78528K, reserved 1179648K
  class space    used 8204K, committed 8832K, reserved 1048576K
}
Event: 6637.021 GC heap before
{Heap before GC invocations=193 (full 5):
 PSYoungGen      total 2048K, used 2028K [0x00000000eab00000, 0x00000000eaf80000, 0x0000000100000000)
  eden space 512K, 99% used [0x00000000eab00000,0x00000000eab7f308,0x00000000eab80000)
  from space 1536K, 98% used [0x00000000eab80000,0x00000000eacfc010,0x00000000ead00000)
  to   space 2048K, 0% used [0x00000000ead80000,0x00000000ead80000,0x00000000eaf80000)
 ParOldGen       total 119808K, used 118965K [0x00000000c0000000, 0x00000000c7500000, 0x00000000eab00000)
  object space 119808K, 99% used [0x00000000c0000000,0x00000000c742d5b0,0x00000000c7500000)
 Metaspace       used 77296K, committed 78528K, reserved 1179648K
  class space    used 8206K, committed 8832K, reserved 1048576K
}
Event: 6637.035 GC heap after
{Heap after GC invocations=193 (full 5):
 PSYoungGen      total 2048K, used 1216K [0x00000000eab00000, 0x00000000eaf00000, 0x0000000100000000)
  eden space 512K, 0% used [0x00000000eab00000,0x00000000eab00000,0x00000000eab80000)
  from space 1536K, 79% used [0x00000000ead80000,0x00000000eaeb0000,0x00000000eaf00000)
  to   space 1536K, 0% used [0x00000000eab80000,0x00000000eab80000,0x00000000ead00000)
 ParOldGen       total 119808K, used 119437K [0x00000000c0000000, 0x00000000c7500000, 0x00000000eab00000)
  object space 119808K, 99% used [0x00000000c0000000,0x00000000c74a35b0,0x00000000c7500000)
 Metaspace       used 77296K, committed 78528K, reserved 1179648K
  class space    used 8206K, committed 8832K, reserved 1048576K
}
Event: 6637.035 GC heap before
{Heap before GC invocations=194 (full 6):
 PSYoungGen      total 2048K, used 1216K [0x00000000eab00000, 0x00000000eaf00000, 0x0000000100000000)
  eden space 512K, 0% used [0x00000000eab00000,0x00000000eab00000,0x00000000eab80000)
  from space 1536K, 79% used [0x00000000ead80000,0x00000000eaeb0000,0x00000000eaf00000)
  to   space 1536K, 0% used [0x00000000eab80000,0x00000000eab80000,0x00000000ead00000)
 ParOldGen       total 119808K, used 119437K [0x00000000c0000000, 0x00000000c7500000, 0x00000000eab00000)
  object space 119808K, 99% used [0x00000000c0000000,0x00000000c74a35b0,0x00000000c7500000)
 Metaspace       used 77296K, committed 78528K, reserved 1179648K
  class space    used 8206K, committed 8832K, reserved 1048576K
}

